<?xml version="1.0" encoding="UTF-8"?>
<!-- Generated by org.testng.reporters.JUnitReportReporter -->
<testsuite hostname="SUFIYANSIDEAPAD" failures="0" tests="6" name="Test.Shopclues" time="171.596" errors="0" timestamp="2025-04-10T12:37:19 IST" skipped="0">
  <testcase classname="Test.Shopclues" name="search" time="61.985"/>
  <testcase classname="Test.Shopclues" name="search" time="52.592"/>
  <testcase classname="Test.Shopclues" name="search" time="50.501"/>
  <testcase classname="Test.Shopclues" name="register" time="2.939"/>
  <testcase classname="Test.Shopclues" name="register" time="2.774"/>
  <testcase classname="Test.Shopclues" name="register" time="0.805"/>
</testsuite> <!-- Test.Shopclues -->
