<?xml version="1.0" encoding="UTF-8"?>
<!-- Generated by org.testng.reporters.JUnitReportReporter -->
<testsuite hostname="SUFIYANSIDEAPAD" failures="0" tests="6" name="Test.Shopclues" time="181.371" errors="0" timestamp="2025-04-30T18:23:31 IST" skipped="0">
  <testcase classname="Test.Shopclues" name="search" time="65.462"/>
  <testcase classname="Test.Shopclues" name="search" time="58.110"/>
  <testcase classname="Test.Shopclues" name="search" time="47.507"/>
  <testcase classname="Test.Shopclues" name="register" time="6.047"/>
  <testcase classname="Test.Shopclues" name="register" time="1.382"/>
  <testcase classname="Test.Shopclues" name="register" time="2.863"/>
</testsuite> <!-- Test.Shopclues -->
